<?xml version="1.0" encoding="UTF-8"?>
<!-- Generated by org.testng.reporters.JUnitReportReporter -->
<testsuite hostname="MITHUN" failures="0" tests="2" name="Baselearnpkg.Testparam" time="0.022" errors="0" timestamp="01 May 2020 14:51:58 GMT" skipped="0">
  <testcase classname="Baselearnpkg.Testparam" name="login1" time="0.004"/>
  <testcase classname="Baselearnpkg.Testparam" name="login" time="0.018"/>
</testsuite> <!-- Baselearnpkg.Testparam -->
