<?xml version="1.0" encoding="UTF-8"?>
<!-- Generated by org.testng.reporters.JUnitReportReporter -->
<testsuite hostname="MITHUN" failures="0" tests="2" name="Baselearnpkg.cdata" time="0.024" errors="0" timestamp="02 May 2020 14:06:36 GMT" skipped="0">
  <testcase classname="Baselearnpkg.cdata" name="login" time="0.022"/>
  <testcase classname="Baselearnpkg.cdata" name="login" time="0.002"/>
</testsuite> <!-- Baselearnpkg.cdata -->
