<?xml version="1.0" encoding="UTF-8"?>
<!-- Generated by org.testng.reporters.JUnitReportReporter -->
<testsuite hostname="MITHUN" failures="0" tests="5" name="Baselearnpkg.dashboard" time="0.039" errors="0" timestamp="29 Apr 2020 15:34:41 GMT" skipped="2">
  <testcase classname="Baselearnpkg.dashboard" name="displaybashboard" time="0.025"/>
  <testcase classname="Baselearnpkg.dashboard" name="serach" time="0.006"/>
  <testcase classname="Baselearnpkg.dashboard" name="title" time="0.006"/>
  <testcase classname="Baselearnpkg.dashboard" name="displayskip" time="0.002">
    <skipped/>
  </testcase> <!-- displayskip -->
  <testcase classname="Baselearnpkg.dashboard" name="displaybashboard1">
    <skipped/>
  </testcase> <!-- displaybashboard1 -->
</testsuite> <!-- Baselearnpkg.dashboard -->
