<?xml version="1.0" encoding="UTF-8"?>
<!-- Generated by org.testng.reporters.JUnitReportReporter -->
<testsuite hostname="MITHUN" failures="0" tests="2" name="Baselearnpkg.Tparallel" time="15.529" errors="0" timestamp="05 May 2020 15:58:03 GMT" skipped="0">
  <testcase classname="Baselearnpkg.Tparallel" name="Browser" time="6.280"/>
  <testcase classname="Baselearnpkg.Tparallel" name="Browser" time="9.249"/>
</testsuite> <!-- Baselearnpkg.Tparallel -->
