<?xml version="1.0" encoding="UTF-8"?>
<!-- Generated by org.testng.reporters.JUnitReportReporter -->
<testsuite hostname="MITHUN" failures="0" tests="4" name="Baselearnpkg.dashboard" time="0.041" errors="0" timestamp="28 Apr 2020 15:29:39 GMT" skipped="2">
  <testcase classname="Baselearnpkg.dashboard" name="displayskip" time="0.023">
    <skipped/>
  </testcase> <!-- displayskip -->
  <testcase classname="Baselearnpkg.dashboard" name="serach" time="0.007"/>
  <testcase classname="Baselearnpkg.dashboard" name="displaybashboard" time="0.011"/>
  <testcase classname="Baselearnpkg.dashboard" name="displaybashboard1">
    <skipped/>
  </testcase> <!-- displaybashboard1 -->
</testsuite> <!-- Baselearnpkg.dashboard -->
