<?xml version="1.0" encoding="UTF-8"?>
<!-- Generated by org.testng.reporters.JUnitReportReporter -->
<testsuite hostname="MITHUN" failures="0" tests="1" name="Baselearnpkg.Tannotation" time="0.002" errors="0" timestamp="01 May 2020 14:51:58 GMT" skipped="0">
  <testcase classname="Baselearnpkg.Tannotation" name="bowser" time="0.002"/>
</testsuite> <!-- Baselearnpkg.Tannotation -->
