<?xml version="1.0" encoding="UTF-8"?>
<!-- Generated by org.testng.reporters.JUnitReportReporter -->
<testsuite hostname="MITHUN" failures="0" tests="2" name="Baselearnpkg.Tparallel" time="10.025" errors="0" timestamp="06 May 2020 14:43:08 GMT" skipped="0">
  <testcase classname="Baselearnpkg.Tparallel" name="chromeBrowser" time="6.595"/>
  <testcase classname="Baselearnpkg.Tparallel" name="IEBrowser" time="3.430"/>
</testsuite> <!-- Baselearnpkg.Tparallel -->
